2017-11-20 11:45:10,523 [MainThread  ] [INFO ]  Process for DB [bookmate]
2017-11-20 11:45:10,524 [MainThread  ] [INFO ]  Sessions for book [2206] process begin
2017-11-20 11:45:10,524 [MainThread  ] [INFO ]  Begin to import sessions
2017-11-20 12:00:15,708 [MainThread  ] [INFO ]  Inserted [1386785] book sessions in 904.6626031095873 seconds
2017-11-20 12:00:15,710 [MainThread  ] [INFO ]  Begin to remove duplicates
2017-11-20 12:10:19,425 [MainThread  ] [INFO ]  Remove {85714} duplicates
2017-11-20 12:10:19,426 [MainThread  ] [INFO ]  Select top 3 documents and delete other sessions
2017-11-20 12:10:54,428 [MainThread  ] [INFO ]  Define items percents/symbols
2017-11-20 12:11:03,984 [MainThread  ] [INFO ]  Book {2206} done
2017-11-20 12:11:03,984 [MainThread  ] [INFO ]  Inserted 12167 items
2017-11-20 12:11:03,987 [MainThread  ] [INFO ]  Process sessions to book procent/symbols scales
2017-11-20 12:11:04,005 [MainThread  ] [INFO ]  Found {1258547} sessions
2017-11-20 12:17:00,453 [MainThread  ] [INFO ]  {100000} sessions processed
2017-11-20 12:23:28,102 [MainThread  ] [INFO ]  {200000} sessions processed
2017-11-20 12:29:41,541 [MainThread  ] [INFO ]  {300000} sessions processed
2017-11-20 12:36:06,209 [MainThread  ] [INFO ]  {400000} sessions processed
2017-11-20 12:42:34,804 [MainThread  ] [INFO ]  {500000} sessions processed
2017-11-20 12:48:59,594 [MainThread  ] [INFO ]  {600000} sessions processed
2017-11-20 12:55:20,617 [MainThread  ] [INFO ]  {700000} sessions processed
2017-11-20 13:02:02,615 [MainThread  ] [INFO ]  {800000} sessions processed
2017-11-20 13:08:26,087 [MainThread  ] [INFO ]  {900000} sessions processed
2017-11-20 13:15:06,009 [MainThread  ] [INFO ]  {1000000} sessions processed
2017-11-20 13:21:48,154 [MainThread  ] [INFO ]  {1100000} sessions processed
2017-11-20 13:28:20,812 [MainThread  ] [INFO ]  {1200000} sessions processed
2017-11-20 13:32:15,158 [MainThread  ] [INFO ]  Begin to get all items borders
2017-11-20 13:33:08,558 [MainThread  ] [INFO ]  Begin to set sessions borders
2017-11-20 13:33:08,614 [MainThread  ] [INFO ]  Get all items borders
2017-11-20 13:33:08,699 [MainThread  ] [INFO ]  Get all section borders
2017-11-20 13:33:09,119 [MainThread  ] [INFO ]  Create borders collection
2017-11-20 13:33:56,971 [MainThread  ] [INFO ]  begin to define sessions borders
2017-11-20 13:41:18,320 [MainThread  ] [INFO ]  Begin to define the number of sessions/fragment
2017-11-20 14:56:50,619 [MainThread  ] [INFO ]  Aggregate sessions to long sessions
2017-11-20 16:13:25,095 [MainThread  ] [INFO ]  Detect session type short/long
2017-11-20 16:27:17,427 [MainThread  ] [INFO ]  Save book sessions without duplicates and with top-3 popular documents
